<?xml version="1.0" encoding="UTF-8"?>
<!-- Generated by org.testng.reporters.JUnitXMLReporter -->
<testsuite ignored="0" hostname="DESKTOP-LQ8JB3O" failures="1" tests="1" name="Default test" time="80.162" errors="0" timestamp="2022-03-14T09:57:30 IST">
  <testcase classname="io.cucumber.testng.AbstractTestNGCucumberTests" name="runScenario" time="79.246">
    <failure type="org.openqa.selenium.InvalidSelectorException" message="Locator Strategy &amp;apos;class&amp;apos; is not supported for this session
For documentation on this error, please visit: https://selenium.dev/exceptions/#invalid_selector_exception
Build info: version: &amp;apos;4.1.2&amp;apos;, revision: &amp;apos;9a5a329c5a&amp;apos;
System info: host: &amp;apos;DESKTOP-LQ8JB3O&amp;apos;, ip: &amp;apos;192.168.29.185&amp;apos;, os.name: &amp;apos;Windows 10&amp;apos;, os.arch: &amp;apos;amd64&amp;apos;, os.version: &amp;apos;10.0&amp;apos;, java.version: &amp;apos;16.0.1&amp;apos;
Driver info: io.appium.java_client.android.AndroidDriver
Command: [23b660cb-b192-411e-8b15-c37d6b1f3f03, findElements {using=class, value=android.widget.TextView}]
Capabilities {appium:app: C:\Users\Vinay Kale\Desktop..., appium:appActivity: com.mcdonalds.mcdcoreapp.co..., appium:appPackage: com.mcdonalds.superapp, appium:databaseEnabled: false, appium:desired: {app: C:\Users\Vinay Kale\Desktop..., appActivity: com.mcdonalds.mcdcoreapp.co..., appPackage: com.mcdonalds.superapp, platformName: android, udid: fdd1f933}, appium:deviceApiLevel: 30, appium:deviceManufacturer: OnePlus, appium:deviceModel: ONEPLUS A6000, appium:deviceName: fdd1f933, appium:deviceScreenDensity: 450, appium:deviceScreenSize: 1080x2280, appium:deviceUDID: fdd1f933, appium:javascriptEnabled: true, appium:locationContextEnabled: false, appium:networkConnectionEnabled: true, appium:pixelRatio: 2.8125, appium:platformVersion: 11, appium:statBarHeight: 80, appium:takesScreenshot: true, appium:udid: fdd1f933, appium:viewportRect: {height: 1986, left: 0, top: 80, width: 1080}, appium:warnings: {}, appium:webStorageEnabled: false, platformName: android}
Session ID: 23b660cb-b192-411e-8b15-c37d6b1f3f03">
      <![CDATA[org.openqa.selenium.InvalidSelectorException: Locator Strategy 'class' is not supported for this session
For documentation on this error, please visit: https://selenium.dev/exceptions/#invalid_selector_exception
Build info: version: '4.1.2', revision: '9a5a329c5a'
System info: host: 'DESKTOP-LQ8JB3O', ip: '192.168.29.185', os.name: 'Windows 10', os.arch: 'amd64', os.version: '10.0', java.version: '16.0.1'
Driver info: io.appium.java_client.android.AndroidDriver
Command: [23b660cb-b192-411e-8b15-c37d6b1f3f03, findElements {using=class, value=android.widget.TextView}]
Capabilities {appium:app: C:\Users\Vinay Kale\Desktop..., appium:appActivity: com.mcdonalds.mcdcoreapp.co..., appium:appPackage: com.mcdonalds.superapp, appium:databaseEnabled: false, appium:desired: {app: C:\Users\Vinay Kale\Desktop..., appActivity: com.mcdonalds.mcdcoreapp.co..., appPackage: com.mcdonalds.superapp, platformName: android, udid: fdd1f933}, appium:deviceApiLevel: 30, appium:deviceManufacturer: OnePlus, appium:deviceModel: ONEPLUS A6000, appium:deviceName: fdd1f933, appium:deviceScreenDensity: 450, appium:deviceScreenSize: 1080x2280, appium:deviceUDID: fdd1f933, appium:javascriptEnabled: true, appium:locationContextEnabled: false, appium:networkConnectionEnabled: true, appium:pixelRatio: 2.8125, appium:platformVersion: 11, appium:statBarHeight: 80, appium:takesScreenshot: true, appium:udid: fdd1f933, appium:viewportRect: {height: 1986, left: 0, top: 80, width: 1080}, appium:warnings: {}, appium:webStorageEnabled: false, platformName: android}
Session ID: 23b660cb-b192-411e-8b15-c37d6b1f3f03
at java.base/jdk.internal.reflect.NativeConstructorAccessorImpl.newInstance0(Native Method)
at java.base/jdk.internal.reflect.NativeConstructorAccessorImpl.newInstance(NativeConstructorAccessorImpl.java:78)
at java.base/jdk.internal.reflect.DelegatingConstructorAccessorImpl.newInstance(DelegatingConstructorAccessorImpl.java:45)
at java.base/java.lang.reflect.Constructor.newInstanceWithCaller(Constructor.java:499)
at java.base/java.lang.reflect.Constructor.newInstance(Constructor.java:480)
at org.openqa.selenium.remote.codec.w3c.W3CHttpResponseCodec.createException(W3CHttpResponseCodec.java:200)
at org.openqa.selenium.remote.codec.w3c.W3CHttpResponseCodec.decode(W3CHttpResponseCodec.java:133)
at org.openqa.selenium.remote.codec.w3c.W3CHttpResponseCodec.decode(W3CHttpResponseCodec.java:53)
at org.openqa.selenium.remote.HttpCommandExecutor.execute(HttpCommandExecutor.java:184)
at io.appium.java_client.remote.AppiumCommandExecutor.execute(AppiumCommandExecutor.java:180)
at org.openqa.selenium.remote.RemoteWebDriver.execute(RemoteWebDriver.java:558)
at org.openqa.selenium.remote.ElementLocation$ElementFinder$2.findElements(ElementLocation.java:179)
at org.openqa.selenium.remote.ElementLocation.findElements(ElementLocation.java:108)
at org.openqa.selenium.remote.RemoteWebDriver.findElements(RemoteWebDriver.java:397)
at org.openqa.selenium.remote.RemoteWebDriver.findElements(RemoteWebDriver.java:389)
at stepdefinations.Login.user_swipes_to_reach_login_page(Login.java:75)
at ✽.User swipes to reach login page(file:///C:/Users/Vinay%20Kale/Desktop/Automation/DemoBDDFrameWork/src/main/java/features/Login.feature:7)
]]>
    </failure>
  </testcase> <!-- runScenario -->
</testsuite> <!-- Default test -->
