<?xml version="1.0" encoding="UTF-8"?>
<testng-results ignored="0" total="1" passed="0" failed="1" skipped="0">
  <reporter-output>
  </reporter-output>
  <suite started-at="2022-03-10T20:39:09 IST" name="Default suite" finished-at="2022-03-10T20:39:33 IST" duration-ms="24558">
    <groups>
      <group name="cucumber">
        <method signature="AbstractTestNGCucumberTests.runScenario(io.cucumber.testng.PickleWrapper,io.cucumber.testng.FeatureWrapper)[pri:0, instance:runner.RunTest@4802796d]" name="runScenario" class="io.cucumber.testng.AbstractTestNGCucumberTests"/>
      </group> <!-- cucumber -->
    </groups>
    <test started-at="2022-03-10T20:39:09 IST" name="Default test" finished-at="2022-03-10T20:39:33 IST" duration-ms="24558">
      <class name="runner.RunTest">
        <test-method is-config="true" signature="setUpClass(org.testng.ITestContext)[pri:0, instance:runner.RunTest@4802796d]" started-at="2022-03-10T20:39:09 IST" name="setUpClass" finished-at="2022-03-10T20:39:09 IST" duration-ms="231" status="PASS">
          <params>
            <param index="0">
              <value>
                <![CDATA[org.testng.TestRunner@4a2929a4]]>
              </value>
            </param>
          </params>
          <reporter-output>
          </reporter-output>
        </test-method> <!-- setUpClass -->
        <test-method signature="runScenario(io.cucumber.testng.PickleWrapper,io.cucumber.testng.FeatureWrapper)[pri:0, instance:runner.RunTest@4802796d]" started-at="2022-03-10T20:39:09 IST" name="runScenario" description="Runs Cucumber Scenarios" data-provider="scenarios" finished-at="2022-03-10T20:39:33 IST" duration-ms="24075" status="FAIL">
          <params>
            <param index="0">
              <value>
                <![CDATA["Valid existing user access the application with invalid credentials"]]>
              </value>
            </param>
            <param index="1">
              <value>
                <![CDATA["Optional[Login user validations]"]]>
              </value>
            </param>
          </params>
          <exception class="org.openqa.selenium.UnsupportedCommandException">
            <message>
              <![CDATA[The requested resource could not be found, or a request was received using an HTTP method that is not supported by the mapped resource
Build info: version: '4.1.2', revision: '9a5a329c5a'
System info: host: 'DESKTOP-LQ8JB3O', ip: '192.168.29.31', os.name: 'Windows 10', os.arch: 'amd64', os.version: '10.0', java.version: '16.0.1'
Driver info: io.appium.java_client.android.AndroidDriver
Command: [02ee54d6-d610-4b7c-acce-ded6d1f59a38, getTitle {}]
Capabilities {appium:app: C:\Users\Vinay Kale\Desktop..., appium:appActivity: com.mcdonalds.mcdcoreapp.co..., appium:appPackage: com.mcdonalds.superapp, appium:databaseEnabled: false, appium:desired: {app: C:\Users\Vinay Kale\Desktop..., appActivity: com.mcdonalds.mcdcoreapp.co..., appPackage: com.mcdonalds.superapp, platformName: android, udid: fdd1f933}, appium:deviceApiLevel: 30, appium:deviceManufacturer: OnePlus, appium:deviceModel: ONEPLUS A6000, appium:deviceName: fdd1f933, appium:deviceScreenDensity: 450, appium:deviceScreenSize: 1080x2280, appium:deviceUDID: fdd1f933, appium:javascriptEnabled: true, appium:locationContextEnabled: false, appium:networkConnectionEnabled: true, appium:pixelRatio: 2.8125, appium:platformVersion: 11, appium:statBarHeight: 80, appium:takesScreenshot: true, appium:udid: fdd1f933, appium:viewportRect: {height: 1986, left: 0, top: 80, width: 1080}, appium:warnings: {}, appium:webStorageEnabled: false, platformName: android}
Session ID: 02ee54d6-d610-4b7c-acce-ded6d1f59a38]]>
            </message>
            <full-stacktrace>
              <![CDATA[org.openqa.selenium.UnsupportedCommandException: The requested resource could not be found, or a request was received using an HTTP method that is not supported by the mapped resource
Build info: version: '4.1.2', revision: '9a5a329c5a'
System info: host: 'DESKTOP-LQ8JB3O', ip: '192.168.29.31', os.name: 'Windows 10', os.arch: 'amd64', os.version: '10.0', java.version: '16.0.1'
Driver info: io.appium.java_client.android.AndroidDriver
Command: [02ee54d6-d610-4b7c-acce-ded6d1f59a38, getTitle {}]
Capabilities {appium:app: C:\Users\Vinay Kale\Desktop..., appium:appActivity: com.mcdonalds.mcdcoreapp.co..., appium:appPackage: com.mcdonalds.superapp, appium:databaseEnabled: false, appium:desired: {app: C:\Users\Vinay Kale\Desktop..., appActivity: com.mcdonalds.mcdcoreapp.co..., appPackage: com.mcdonalds.superapp, platformName: android, udid: fdd1f933}, appium:deviceApiLevel: 30, appium:deviceManufacturer: OnePlus, appium:deviceModel: ONEPLUS A6000, appium:deviceName: fdd1f933, appium:deviceScreenDensity: 450, appium:deviceScreenSize: 1080x2280, appium:deviceUDID: fdd1f933, appium:javascriptEnabled: true, appium:locationContextEnabled: false, appium:networkConnectionEnabled: true, appium:pixelRatio: 2.8125, appium:platformVersion: 11, appium:statBarHeight: 80, appium:takesScreenshot: true, appium:udid: fdd1f933, appium:viewportRect: {height: 1986, left: 0, top: 80, width: 1080}, appium:warnings: {}, appium:webStorageEnabled: false, platformName: android}
Session ID: 02ee54d6-d610-4b7c-acce-ded6d1f59a38
at java.base/jdk.internal.reflect.NativeConstructorAccessorImpl.newInstance0(Native Method)
at java.base/jdk.internal.reflect.NativeConstructorAccessorImpl.newInstance(NativeConstructorAccessorImpl.java:78)
at java.base/jdk.internal.reflect.DelegatingConstructorAccessorImpl.newInstance(DelegatingConstructorAccessorImpl.java:45)
at java.base/java.lang.reflect.Constructor.newInstanceWithCaller(Constructor.java:499)
at java.base/java.lang.reflect.Constructor.newInstance(Constructor.java:480)
at org.openqa.selenium.remote.codec.w3c.W3CHttpResponseCodec.createException(W3CHttpResponseCodec.java:200)
at org.openqa.selenium.remote.codec.w3c.W3CHttpResponseCodec.decode(W3CHttpResponseCodec.java:133)
at org.openqa.selenium.remote.codec.w3c.W3CHttpResponseCodec.decode(W3CHttpResponseCodec.java:53)
at org.openqa.selenium.remote.HttpCommandExecutor.execute(HttpCommandExecutor.java:184)
at io.appium.java_client.remote.AppiumCommandExecutor.execute(AppiumCommandExecutor.java:180)
at org.openqa.selenium.remote.RemoteWebDriver.execute(RemoteWebDriver.java:558)
at org.openqa.selenium.remote.RemoteWebDriver.execute(RemoteWebDriver.java:613)
at io.appium.java_client.AppiumDriver.execute(AppiumDriver.java:268)
at org.openqa.selenium.remote.RemoteWebDriver.getTitle(RemoteWebDriver.java:332)
at stepdefinations.Login.user_is_on_the_landing_page_of_the_app(Login.java:61)
at ✽.User is on the landing page of the app(file:///C:/Users/Vinay%20Kale/Desktop/Automation/DemoBDDFrameWork/src/main/java/features/Login.feature:4)
]]>
            </full-stacktrace>
          </exception> <!-- org.openqa.selenium.UnsupportedCommandException -->
          <reporter-output>
          </reporter-output>
        </test-method> <!-- runScenario -->
        <test-method is-config="true" signature="tearDownClass()[pri:0, instance:runner.RunTest@4802796d]" started-at="2022-03-10T20:39:33 IST" name="tearDownClass" finished-at="2022-03-10T20:39:33 IST" duration-ms="213" status="PASS">
          <reporter-output>
          </reporter-output>
        </test-method> <!-- tearDownClass -->
      </class> <!-- runner.RunTest -->
    </test> <!-- Default test -->
  </suite> <!-- Default suite -->
</testng-results>
