<?xml version="1.0" encoding="UTF-8"?>
<!-- Generated by org.testng.reporters.JUnitReportReporter -->
<testsuite hostname="DESKTOP-LQ8JB3O" failures="0" tests="1" name="runner.RunTest" time="24.075" errors="1" timestamp="2022-03-10T20:39:33 IST" skipped="0">
  <testcase classname="runner.RunTest" name="runScenario" time="24.075">
    <error message="The requested resource could not be found, or a request was received using an HTTP method that is not supported by the mapped resource
Build info: version: &#039;4.1.2&#039;, revision: &#039;9a5a329c5a&#039;
System info: host: &#039;DESKTOP-LQ8JB3O&#039;, ip: &#039;192.168.29.31&#039;, os.name: &#039;Windows 10&#039;, os.arch: &#039;amd64&#039;, os.version: &#039;10.0&#039;, java.version: &#039;16.0.1&#039;
Driver info: io.appium.java_client.android.AndroidDriver
Command: [02ee54d6-d610-4b7c-acce-ded6d1f59a38, getTitle {}]
Capabilities {appium:app: C:\Users\Vinay Kale\Desktop..., appium:appActivity: com.mcdonalds.mcdcoreapp.co..., appium:appPackage: com.mcdonalds.superapp, appium:databaseEnabled: false, appium:desired: {app: C:\Users\Vinay Kale\Desktop..., appActivity: com.mcdonalds.mcdcoreapp.co..., appPackage: com.mcdonalds.superapp, platformName: android, udid: fdd1f933}, appium:deviceApiLevel: 30, appium:deviceManufacturer: OnePlus, appium:deviceModel: ONEPLUS A6000, appium:deviceName: fdd1f933, appium:deviceScreenDensity: 450, appium:deviceScreenSize: 1080x2280, appium:deviceUDID: fdd1f933, appium:javascriptEnabled: true, appium:locationContextEnabled: false, appium:networkConnectionEnabled: true, appium:pixelRatio: 2.8125, appium:platformVersion: 11, appium:statBarHeight: 80, appium:takesScreenshot: true, appium:udid: fdd1f933, appium:viewportRect: {height: 1986, left: 0, top: 80, width: 1080}, appium:warnings: {}, appium:webStorageEnabled: false, platformName: android}
Session ID: 02ee54d6-d610-4b7c-acce-ded6d1f59a38" type="org.openqa.selenium.UnsupportedCommandException">
      <![CDATA[org.openqa.selenium.UnsupportedCommandException: The requested resource could not be found, or a request was received using an HTTP method that is not supported by the mapped resource
Build info: version: '4.1.2', revision: '9a5a329c5a'
System info: host: 'DESKTOP-LQ8JB3O', ip: '192.168.29.31', os.name: 'Windows 10', os.arch: 'amd64', os.version: '10.0', java.version: '16.0.1'
Driver info: io.appium.java_client.android.AndroidDriver
Command: [02ee54d6-d610-4b7c-acce-ded6d1f59a38, getTitle {}]
Capabilities {appium:app: C:\Users\Vinay Kale\Desktop..., appium:appActivity: com.mcdonalds.mcdcoreapp.co..., appium:appPackage: com.mcdonalds.superapp, appium:databaseEnabled: false, appium:desired: {app: C:\Users\Vinay Kale\Desktop..., appActivity: com.mcdonalds.mcdcoreapp.co..., appPackage: com.mcdonalds.superapp, platformName: android, udid: fdd1f933}, appium:deviceApiLevel: 30, appium:deviceManufacturer: OnePlus, appium:deviceModel: ONEPLUS A6000, appium:deviceName: fdd1f933, appium:deviceScreenDensity: 450, appium:deviceScreenSize: 1080x2280, appium:deviceUDID: fdd1f933, appium:javascriptEnabled: true, appium:locationContextEnabled: false, appium:networkConnectionEnabled: true, appium:pixelRatio: 2.8125, appium:platformVersion: 11, appium:statBarHeight: 80, appium:takesScreenshot: true, appium:udid: fdd1f933, appium:viewportRect: {height: 1986, left: 0, top: 80, width: 1080}, appium:warnings: {}, appium:webStorageEnabled: false, platformName: android}
Session ID: 02ee54d6-d610-4b7c-acce-ded6d1f59a38
at java.base/jdk.internal.reflect.NativeConstructorAccessorImpl.newInstance0(Native Method)
at java.base/jdk.internal.reflect.NativeConstructorAccessorImpl.newInstance(NativeConstructorAccessorImpl.java:78)
at java.base/jdk.internal.reflect.DelegatingConstructorAccessorImpl.newInstance(DelegatingConstructorAccessorImpl.java:45)
at java.base/java.lang.reflect.Constructor.newInstanceWithCaller(Constructor.java:499)
at java.base/java.lang.reflect.Constructor.newInstance(Constructor.java:480)
at org.openqa.selenium.remote.codec.w3c.W3CHttpResponseCodec.createException(W3CHttpResponseCodec.java:200)
at org.openqa.selenium.remote.codec.w3c.W3CHttpResponseCodec.decode(W3CHttpResponseCodec.java:133)
at org.openqa.selenium.remote.codec.w3c.W3CHttpResponseCodec.decode(W3CHttpResponseCodec.java:53)
at org.openqa.selenium.remote.HttpCommandExecutor.execute(HttpCommandExecutor.java:184)
at io.appium.java_client.remote.AppiumCommandExecutor.execute(AppiumCommandExecutor.java:180)
at org.openqa.selenium.remote.RemoteWebDriver.execute(RemoteWebDriver.java:558)
at org.openqa.selenium.remote.RemoteWebDriver.execute(RemoteWebDriver.java:613)
at io.appium.java_client.AppiumDriver.execute(AppiumDriver.java:268)
at org.openqa.selenium.remote.RemoteWebDriver.getTitle(RemoteWebDriver.java:332)
at stepdefinations.Login.user_is_on_the_landing_page_of_the_app(Login.java:61)
at ✽.User is on the landing page of the app(file:///C:/Users/Vinay%20Kale/Desktop/Automation/DemoBDDFrameWork/src/main/java/features/Login.feature:4)
]]>
    </error>
  </testcase> <!-- runScenario -->
  <system-out/>
</testsuite> <!-- runner.RunTest -->
